{"thread":"main","class":"AddonLoaderService","level":"info","message":"Loading Add-on: %%resourcesPath%%/lightning-services/mailhog-1.0.0+3/lib/main.js","timestamp":"2020-09-29T13:20:50.375Z"}
{"thread":"main","class":"AddonLoaderService","level":"info","message":"Successfully Loaded Add-on: %%resourcesPath%%/lightning-services/mailhog-1.0.0+3/lib/main.js","timestamp":"2020-09-29T13:20:50.377Z"}
{"thread":"main","class":"AddonLoaderService","level":"info","message":"Loading Add-on: %%resourcesPath%%/lightning-services/mariadb-10.4.10+4/lib/main.js","timestamp":"2020-09-29T13:20:50.378Z"}
{"thread":"main","class":"AddonLoaderService","level":"info","message":"Successfully Loaded Add-on: %%resourcesPath%%/lightning-services/mariadb-10.4.10+4/lib/main.js","timestamp":"2020-09-29T13:20:50.398Z"}
{"thread":"main","class":"AddonLoaderService","level":"info","message":"Loading Add-on: %%resourcesPath%%/lightning-services/mysql-8.0.16+5/lib/main.js","timestamp":"2020-09-29T13:20:50.399Z"}
{"thread":"main","class":"AddonLoaderService","level":"info","message":"Successfully Loaded Add-on: %%resourcesPath%%/lightning-services/mysql-8.0.16+5/lib/main.js","timestamp":"2020-09-29T13:20:50.416Z"}
{"thread":"main","class":"AddonLoaderService","level":"info","message":"Loading Add-on: %%resourcesPath%%/lightning-services/nginx-1.16.0+3/lib/main.js","timestamp":"2020-09-29T13:20:50.417Z"}
{"thread":"main","class":"AddonLoaderService","level":"info","message":"Successfully Loaded Add-on: %%resourcesPath%%/lightning-services/nginx-1.16.0+3/lib/main.js","timestamp":"2020-09-29T13:20:50.434Z"}
{"thread":"main","class":"AddonLoaderService","level":"info","message":"Loading Add-on: %%resourcesPath%%/lightning-services/php-7.3.5+10/lib/main.js","timestamp":"2020-09-29T13:20:50.435Z"}
{"thread":"main","class":"AddonLoaderService","level":"info","message":"Successfully Loaded Add-on: %%resourcesPath%%/lightning-services/php-7.3.5+10/lib/main.js","timestamp":"2020-09-29T13:20:50.456Z"}
{"thread":"main","class":"AddonLoaderService","level":"info","message":"Loading Add-on: %%appPath%%/node_modules/@getflywheel/local-addon-broken-link-checker/lib/main.js","timestamp":"2020-09-29T13:20:50.458Z"}
{"thread":"main","class":"AddonLoaderService","level":"info","message":"Successfully Loaded Add-on: %%appPath%%/node_modules/@getflywheel/local-addon-broken-link-checker/lib/main.js","timestamp":"2020-09-29T13:20:50.459Z"}
{"thread":"main","class":"AddonLoaderService","message":"Add-on does not have \"productName\" specified in package.json: %%appPath%%/node_modules/@getflywheel/local-browsersync/package.json","level":"info","timestamp":"2020-09-29T13:20:50.459Z"}
{"thread":"main","class":"AddonLoaderService","message":"Add-on does not have \"productName\" specified in package.json: %%appPath%%/node_modules/@getflywheel/local-browsersync-client/package.json","level":"info","timestamp":"2020-09-29T13:20:50.460Z"}
{"thread":"main","class":"AddonLoaderService","message":"Add-on does not have \"productName\" specified in package.json: %%appPath%%/node_modules/@getflywheel/local-components/package.json","level":"info","timestamp":"2020-09-29T13:20:50.460Z"}
{"thread":"main","class":"AddonLoaderService","message":"Add-on does not have \"productName\" specified in package.json: %%appPath%%/node_modules/@getflywheel/localcert/package.json","level":"info","timestamp":"2020-09-29T13:20:50.461Z"}
{"thread":"main","class":"AddonLoaderService","message":"Add-on does not have \"productName\" specified in package.json: %%appPath%%/node_modules/@getflywheel/localtunnel/package.json","level":"info","timestamp":"2020-09-29T13:20:50.461Z"}
{"thread":"main","class":"AddonLoaderService","message":"Add-on does not have \"productName\" specified in package.json: %%appPath%%/node_modules/@getflywheel/memoize-one-ts/package.json","level":"info","timestamp":"2020-09-29T13:20:50.462Z"}
{"thread":"main","class":"AddonLoaderService","message":"Add-on does not have \"main\" or \"renderer\" specified in package.json: %%appPath%%/node_modules/@getflywheel/replacestream/package.json","level":"info","timestamp":"2020-09-29T13:20:50.462Z"}
{"thread":"main","class":"","message":"Creating site folders...","level":"info","timestamp":"2020-09-29T13:21:26.530Z"}
{"thread":"main","class":"","message":"Copying service config templates...","level":"info","timestamp":"2020-09-29T13:21:26.535Z"}
{"thread":"main","class":"","message":"Compiling service configs...","level":"info","timestamp":"2020-09-29T13:21:26.556Z"}
{"thread":"main","service":{},"serviceBinVersion":{},"dataPath":"%%site.runData%%/mysql/data","level":"info","message":"Initializing MySQL datadir...","timestamp":"2020-09-29T13:21:26.626Z"}
{"thread":"main","class":"","message":"Compiling service configs...","level":"info","timestamp":"2020-09-29T13:22:04.363Z"}
{"thread":"main","class":"Process","process":"phpFpm","level":"warn","message":"[29-Sep-2020 15:22:04] ALERT: [pool www] user has not been defined","timestamp":"2020-09-29T13:22:04.444Z"}
{"thread":"main","class":"Process","process":"phpFpm","level":"warn","message":"[29-Sep-2020 15:22:04] ERROR: failed to post process the configuration","timestamp":"2020-09-29T13:22:04.445Z"}
{"thread":"main","class":"Process","process":"phpFpm","level":"warn","message":"[29-Sep-2020 15:22:04] ERROR: FPM initialization failed","timestamp":"2020-09-29T13:22:04.445Z"}
{"thread":"main","service":{},"serviceBinVersion":{},"message":"Setting up MySQL user...","level":"info","timestamp":"2020-09-29T13:22:04.515Z"}
{"thread":"main","class":"Process","process":"nginx","level":"warn","message":"nginx: [emerg] bind() to 0.0.0.0:80 failed (98: Address already in use)","timestamp":"2020-09-29T13:22:04.522Z"}
{"thread":"main","class":"Process","process":"nginx","level":"warn","message":"nginx: [emerg] bind() to [::]:80 failed (98: Address already in use)","timestamp":"2020-09-29T13:22:04.523Z"}
{"thread":"main","class":"Process","process":"mysql","level":"warn","message":"2020-09-29T13:22:04.563327Z 0 [System] [MY-010116] [Server] %%resourcesPath%%/lightning-services/mysql-8.0.16+5/bin/linux/bin/mysqld (mysqld 8.0.16) starting as process 25187","timestamp":"2020-09-29T13:22:04.565Z"}
{"thread":"main","class":"Process","process":"mysql","level":"warn","message":"2020-09-29T13:22:04.564204Z 0 [Warning] [MY-013243] [Server] --character-set-server: The character set UTF8MB3 is deprecated and will be removed in a future release. Please consider using UTF8MB4 instead.","timestamp":"2020-09-29T13:22:04.565Z"}
{"thread":"main","class":"Process","process":"mysql","level":"warn","message":"2020-09-29T13:22:04.564970Z 0 [ERROR] [MY-010123] [Server] Fatal error: Please read \"Security\" section of the manual to find out how to run mysqld as root!","timestamp":"2020-09-29T13:22:04.566Z"}
{"thread":"main","class":"Process","process":"mysql","level":"warn","message":"2020-09-29T13:22:04.565017Z 0 [ERROR] [MY-010119] [Server] Aborting","timestamp":"2020-09-29T13:22:04.566Z"}
{"thread":"main","class":"Process","process":"mysql","level":"warn","message":"2020-09-29T13:22:04.565124Z 0 [System] [MY-010910] [Server] %%resourcesPath%%/lightning-services/mysql-8.0.16+5/bin/linux/bin/mysqld: Shutdown complete (mysqld 8.0.16)  MySQL Community Server - GPL.","timestamp":"2020-09-29T13:22:04.567Z"}
{"thread":"main","class":"Process","process":"phpFpm","level":"warn","message":"[29-Sep-2020 15:22:04] ALERT: [pool www] user has not been defined","timestamp":"2020-09-29T13:22:04.972Z"}
{"thread":"main","class":"Process","process":"phpFpm","level":"warn","message":"[29-Sep-2020 15:22:04] ERROR: failed to post process the configuration","timestamp":"2020-09-29T13:22:04.972Z"}
{"thread":"main","class":"Process","process":"phpFpm","level":"warn","message":"[29-Sep-2020 15:22:04] ERROR: FPM initialization failed","timestamp":"2020-09-29T13:22:04.972Z"}
{"thread":"main","class":"Process","process":"nginx","level":"warn","message":"nginx: [emerg] bind() to 0.0.0.0:80 failed (98: Address already in use)","timestamp":"2020-09-29T13:22:05.020Z"}
{"thread":"main","class":"Process","process":"nginx","level":"warn","message":"nginx: [emerg] bind() to [::]:80 failed (98: Address already in use)","timestamp":"2020-09-29T13:22:05.021Z"}
{"thread":"main","class":"HostsFileService","level":"info","message":"Updating hosts with","timestamp":"2020-09-29T13:22:05.194Z"}
{"thread":"main","class":"Process","process":"mysql","level":"warn","message":"2020-09-29T13:22:05.203343Z 0 [System] [MY-010116] [Server] %%resourcesPath%%/lightning-services/mysql-8.0.16+5/bin/linux/bin/mysqld (mysqld 8.0.16) starting as process 25210","timestamp":"2020-09-29T13:22:05.205Z"}
{"thread":"main","class":"Process","process":"mysql","level":"warn","message":"2020-09-29T13:22:05.204364Z 0 [Warning] [MY-013243] [Server] --character-set-server: The character set UTF8MB3 is deprecated and will be removed in a future release. Please consider using UTF8MB4 instead.","timestamp":"2020-09-29T13:22:05.206Z"}
{"thread":"main","class":"Process","process":"mysql","level":"warn","message":"2020-09-29T13:22:05.205030Z 0 [ERROR] [MY-010123] [Server] Fatal error: Please read \"Security\" section of the manual to find out how to run mysqld as root!","timestamp":"2020-09-29T13:22:05.206Z"}
{"thread":"main","class":"Process","process":"mysql","level":"warn","message":"2020-09-29T13:22:05.205065Z 0 [ERROR] [MY-010119] [Server] Aborting","timestamp":"2020-09-29T13:22:05.207Z"}
{"thread":"main","class":"Process","process":"mysql","level":"warn","message":"2020-09-29T13:22:05.205167Z 0 [System] [MY-010910] [Server] %%resourcesPath%%/lightning-services/mysql-8.0.16+5/bin/linux/bin/mysqld: Shutdown complete (mysqld 8.0.16)  MySQL Community Server - GPL.","timestamp":"2020-09-29T13:22:05.207Z"}
{"thread":"main","class":"HostsFileService","stdout":"Updating hosts file at  /etc/hosts\nUpdated hosts file at  /etc/hosts\n","stderr":"","level":"info","message":"Updated hosts.","timestamp":"2020-09-29T13:22:05.328Z"}
{"thread":"main","class":"Process","process":"phpFpm","level":"warn","message":"[29-Sep-2020 15:22:05] ALERT: [pool www] user has not been defined","timestamp":"2020-09-29T13:22:05.498Z"}
{"thread":"main","class":"Process","process":"phpFpm","level":"warn","message":"[29-Sep-2020 15:22:05] ERROR: failed to post process the configuration","timestamp":"2020-09-29T13:22:05.498Z"}
{"thread":"main","class":"Process","process":"phpFpm","level":"warn","message":"[29-Sep-2020 15:22:05] ERROR: FPM initialization failed","timestamp":"2020-09-29T13:22:05.499Z"}
{"thread":"main","class":"Process","process":"nginx","level":"warn","message":"nginx: [emerg] bind() to 0.0.0.0:80 failed (98: Address already in use)","timestamp":"2020-09-29T13:22:05.520Z"}
{"thread":"main","class":"Process","process":"nginx","level":"warn","message":"nginx: [emerg] bind() to [::]:80 failed (98: Address already in use)","timestamp":"2020-09-29T13:22:05.520Z"}
{"thread":"main","class":"Process","process":"mysql","level":"warn","message":"2020-09-29T13:22:05.843229Z 0 [System] [MY-010116] [Server] %%resourcesPath%%/lightning-services/mysql-8.0.16+5/bin/linux/bin/mysqld (mysqld 8.0.16) starting as process 25234","timestamp":"2020-09-29T13:22:05.845Z"}
{"thread":"main","class":"Process","process":"mysql","level":"warn","message":"2020-09-29T13:22:05.844001Z 0 [Warning] [MY-013243] [Server] --character-set-server: The character set UTF8MB3 is deprecated and will be removed in a future release. Please consider using UTF8MB4 instead.","timestamp":"2020-09-29T13:22:05.845Z"}
{"thread":"main","class":"Process","process":"mysql","level":"warn","message":"2020-09-29T13:22:05.844608Z 0 [ERROR] [MY-010123] [Server] Fatal error: Please read \"Security\" section of the manual to find out how to run mysqld as root!","timestamp":"2020-09-29T13:22:05.846Z"}
{"thread":"main","class":"Process","process":"mysql","level":"warn","message":"2020-09-29T13:22:05.844643Z 0 [ERROR] [MY-010119] [Server] Aborting","timestamp":"2020-09-29T13:22:05.847Z"}
{"thread":"main","class":"Process","process":"mysql","level":"warn","message":"2020-09-29T13:22:05.844759Z 0 [System] [MY-010910] [Server] %%resourcesPath%%/lightning-services/mysql-8.0.16+5/bin/linux/bin/mysqld: Shutdown complete (mysqld 8.0.16)  MySQL Community Server - GPL.","timestamp":"2020-09-29T13:22:05.847Z"}
{"thread":"main","class":"Process","process":"nginx","level":"warn","message":"nginx: [emerg] bind() to 0.0.0.0:80 failed (98: Address already in use)","timestamp":"2020-09-29T13:22:06.020Z"}
{"thread":"main","class":"Process","process":"nginx","level":"warn","message":"nginx: [emerg] bind() to [::]:80 failed (98: Address already in use)","timestamp":"2020-09-29T13:22:06.020Z"}
{"thread":"main","class":"Process","process":"phpFpm","level":"warn","message":"[29-Sep-2020 15:22:06] ALERT: [pool www] user has not been defined","timestamp":"2020-09-29T13:22:06.026Z"}
{"thread":"main","class":"Process","process":"phpFpm","level":"warn","message":"[29-Sep-2020 15:22:06] ERROR: failed to post process the configuration","timestamp":"2020-09-29T13:22:06.027Z"}
{"thread":"main","class":"Process","process":"phpFpm","level":"warn","message":"[29-Sep-2020 15:22:06] ERROR: FPM initialization failed","timestamp":"2020-09-29T13:22:06.027Z"}
{"thread":"main","class":"Process","process":"mysql","level":"warn","message":"2020-09-29T13:22:06.471200Z 0 [System] [MY-010116] [Server] %%resourcesPath%%/lightning-services/mysql-8.0.16+5/bin/linux/bin/mysqld (mysqld 8.0.16) starting as process 25243","timestamp":"2020-09-29T13:22:06.473Z"}
{"thread":"main","class":"Process","process":"mysql","level":"warn","message":"2020-09-29T13:22:06.472144Z 0 [Warning] [MY-013243] [Server] --character-set-server: The character set UTF8MB3 is deprecated and will be removed in a future release. Please consider using UTF8MB4 instead.","timestamp":"2020-09-29T13:22:06.474Z"}
{"thread":"main","class":"Process","process":"mysql","level":"warn","message":"2020-09-29T13:22:06.472887Z 0 [ERROR] [MY-010123] [Server] Fatal error: Please read \"Security\" section of the manual to find out how to run mysqld as root!","timestamp":"2020-09-29T13:22:06.474Z"}
{"thread":"main","class":"Process","process":"mysql","level":"warn","message":"2020-09-29T13:22:06.472930Z 0 [ERROR] [MY-010119] [Server] Aborting","timestamp":"2020-09-29T13:22:06.476Z"}
{"thread":"main","class":"Process","process":"mysql","level":"warn","message":"2020-09-29T13:22:06.473056Z 0 [System] [MY-010910] [Server] %%resourcesPath%%/lightning-services/mysql-8.0.16+5/bin/linux/bin/mysqld: Shutdown complete (mysqld 8.0.16)  MySQL Community Server - GPL.","timestamp":"2020-09-29T13:22:06.476Z"}
{"thread":"main","class":"Process","process":"nginx","level":"warn","message":"nginx: [emerg] bind() to 0.0.0.0:80 failed (98: Address already in use)","timestamp":"2020-09-29T13:22:06.520Z"}
{"thread":"main","class":"Process","process":"nginx","level":"warn","message":"nginx: [emerg] bind() to [::]:80 failed (98: Address already in use)","timestamp":"2020-09-29T13:22:06.522Z"}
{"thread":"main","class":"Process","process":"nginx","level":"warn","message":"nginx: [emerg] still could not bind()","timestamp":"2020-09-29T13:22:07.021Z"}
{"thread":"main","class":"Process","process":"nginx","level":"warn","message":"nginx: [emerg] bind() to 0.0.0.0:80 failed (98: Address already in use)","timestamp":"2020-09-29T13:22:07.537Z"}
{"thread":"main","class":"Process","process":"nginx","level":"warn","message":"nginx: [emerg] bind() to [::]:80 failed (98: Address already in use)","timestamp":"2020-09-29T13:22:07.538Z"}
{"thread":"main","class":"Process","process":"nginx","level":"warn","message":"nginx: [emerg] bind() to 0.0.0.0:80 failed (98: Address already in use)","timestamp":"2020-09-29T13:22:08.037Z"}
{"thread":"main","class":"Process","process":"nginx","level":"warn","message":"nginx: [emerg] bind() to [::]:80 failed (98: Address already in use)","timestamp":"2020-09-29T13:22:08.038Z"}
{"thread":"main","class":"Process","process":"nginx","level":"warn","message":"nginx: [emerg] bind() to 0.0.0.0:80 failed (98: Address already in use)","timestamp":"2020-09-29T13:22:08.538Z"}
{"thread":"main","class":"Process","process":"nginx","level":"warn","message":"nginx: [emerg] bind() to [::]:80 failed (98: Address already in use)","timestamp":"2020-09-29T13:22:08.538Z"}
{"thread":"main","class":"Process","process":"nginx","level":"warn","message":"nginx: [emerg] bind() to 0.0.0.0:80 failed (98: Address already in use)","timestamp":"2020-09-29T13:22:09.039Z"}
{"thread":"main","class":"Process","process":"nginx","level":"warn","message":"nginx: [emerg] bind() to [::]:80 failed (98: Address already in use)","timestamp":"2020-09-29T13:22:09.039Z"}
{"thread":"main","class":"Process","process":"nginx","level":"warn","message":"nginx: [emerg] bind() to 0.0.0.0:80 failed (98: Address already in use)","timestamp":"2020-09-29T13:22:09.538Z"}
{"thread":"main","class":"Process","process":"nginx","level":"warn","message":"nginx: [emerg] bind() to [::]:80 failed (98: Address already in use)","timestamp":"2020-09-29T13:22:09.539Z"}
{"thread":"main","class":"Process","process":"nginx","level":"warn","message":"nginx: [emerg] still could not bind()","timestamp":"2020-09-29T13:22:10.038Z"}
{"thread":"main","class":"Process","process":"nginx","level":"warn","message":"nginx: [emerg] bind() to 0.0.0.0:80 failed (98: Address already in use)","timestamp":"2020-09-29T13:22:10.553Z"}
{"thread":"main","class":"Process","process":"nginx","level":"warn","message":"nginx: [emerg] bind() to [::]:80 failed (98: Address already in use)","timestamp":"2020-09-29T13:22:10.553Z"}
{"thread":"main","class":"Process","process":"nginx","level":"warn","message":"nginx: [emerg] bind() to 0.0.0.0:80 failed (98: Address already in use)","timestamp":"2020-09-29T13:22:11.053Z"}
{"thread":"main","class":"Process","process":"nginx","level":"warn","message":"nginx: [emerg] bind() to [::]:80 failed (98: Address already in use)","timestamp":"2020-09-29T13:22:11.053Z"}
{"thread":"main","class":"Process","process":"nginx","level":"warn","message":"nginx: [emerg] bind() to 0.0.0.0:80 failed (98: Address already in use)","timestamp":"2020-09-29T13:22:11.554Z"}
{"thread":"main","class":"Process","process":"nginx","level":"warn","message":"nginx: [emerg] bind() to [::]:80 failed (98: Address already in use)","timestamp":"2020-09-29T13:22:11.554Z"}
{"thread":"main","class":"Process","process":"nginx","level":"warn","message":"nginx: [emerg] bind() to 0.0.0.0:80 failed (98: Address already in use)","timestamp":"2020-09-29T13:22:12.054Z"}
{"thread":"main","class":"Process","process":"nginx","level":"warn","message":"nginx: [emerg] bind() to [::]:80 failed (98: Address already in use)","timestamp":"2020-09-29T13:22:12.054Z"}
{"thread":"main","class":"Process","process":"nginx","level":"warn","message":"nginx: [emerg] bind() to 0.0.0.0:80 failed (98: Address already in use)","timestamp":"2020-09-29T13:22:12.554Z"}
{"thread":"main","class":"Process","process":"nginx","level":"warn","message":"nginx: [emerg] bind() to [::]:80 failed (98: Address already in use)","timestamp":"2020-09-29T13:22:12.555Z"}
{"thread":"main","service":{},"serviceBinVersion":{},"stack":"Error: Command failed: %%resourcesPath%%/lightning-services/mysql-8.0.16+5/bin/linux/bin/mysqladmin --password= ping\nmysqladmin: [Warning] Using a password on the command line interface can be insecure.\n\u0007mysqladmin: connect to server at 'localhost' failed\nerror: 'Can't connect to local MySQL server through socket '%%site.runData%%/mysql/mysqld.sock' (2)'\nCheck that mysqld is running and that the socket: '%%site.runData%%/mysql/mysqld.sock' exists!\n\n    at ChildProcess.exithandler (child_process.js:308:12)\n    at ChildProcess.emit (events.js:203:13)\n    at maybeClose (internal/child_process.js:1021:16)\n    at Socket.<anonymous> (internal/child_process.js:430:11)\n    at Socket.emit (events.js:203:13)\n    at Pipe.<anonymous> (net.js:588:12)","level":"error","message":"Database did NOT respond to ping after 15 tries.","timestamp":"2020-09-29T13:22:12.617Z"}
{"thread":"main","class":"o","message":"Stopping ngrok for test.local","level":"info","timestamp":"2020-09-29T13:22:12.622Z"}
{"thread":"main","class":"Process","process":"mailhog","pid":25176,"level":"info","message":"Killing process","timestamp":"2020-09-29T13:22:12.623Z"}
{"thread":"main","class":"Process","process":"nginx","pid":25186,"level":"info","message":"Killing process","timestamp":"2020-09-29T13:22:12.624Z"}
{"thread":"main","class":"","stack":"Error: Command failed: %%resourcesPath%%/lightning-services/mysql-8.0.16+5/bin/linux/bin/mysqladmin --password= ping\nmysqladmin: [Warning] Using a password on the command line interface can be insecure.\n\u0007mysqladmin: connect to server at 'localhost' failed\nerror: 'Can't connect to local MySQL server through socket '%%site.runData%%/mysql/mysqld.sock' (2)'\nCheck that mysqld is running and that the socket: '%%site.runData%%/mysql/mysqld.sock' exists!\n\n    at ChildProcess.exithandler (child_process.js:308:12)\n    at ChildProcess.emit (events.js:203:13)\n    at maybeClose (internal/child_process.js:1021:16)\n    at Socket.<anonymous> (internal/child_process.js:430:11)\n    at Socket.emit (events.js:203:13)\n    at Pipe.<anonymous> (net.js:588:12)","level":"error","message":"Unable to provision site.","timestamp":"2020-09-29T13:22:12.626Z"}
{"thread":"main","reason":{},"p":{},"level":"warn","message":"Unhandled Rejection.","timestamp":"2020-09-29T13:22:16.160Z"}
{"thread":"main","reason":{"killed":false,"code":1,"signal":null,"cmd":"%%resourcesPath%%/lightning-services/mysql-8.0.16+5/bin/linux/bin/mysqladmin --password= ping"},"p":{},"level":"warn","message":"Unhandled Rejection.","timestamp":"2020-09-29T13:22:16.166Z"}
{"thread":"main","class":"Process","process":"nginx","level":"warn","message":"nginx: [emerg] still could not bind()","timestamp":"2020-09-29T13:22:16.167Z"}
{"thread":"main","class":"","message":"Deleting %%site.runData%%","level":"info","timestamp":"2020-09-29T13:22:16.170Z"}
{"thread":"main","reason":{},"p":{},"level":"warn","message":"Unhandled Rejection.","timestamp":"2020-09-29T13:22:16.211Z"}
{"thread":"main","class":"HostsFileService","level":"info","message":"Updating hosts with","timestamp":"2020-09-29T13:22:16.965Z"}
{"thread":"main","class":"HostsFileService","stdout":"Updating hosts file at  /etc/hosts\nUpdated hosts file at  /etc/hosts\n","stderr":"","level":"info","message":"Updated hosts.","timestamp":"2020-09-29T13:22:17.096Z"}
